<?xml version="1.0" encoding="UTF-8"?>
<!-- Generated by org.testng.reporters.JUnitReportReporter -->
<testsuite skipped="0" hostname="DESKTOP-B2H6JUI" name="com.goibibo.flightbooking.mozrakTest.FlightBookingScenario" tests="1" failures="0" timestamp="2020-09-05T11:10:42 IST" time="63.231" errors="0">
  <testcase name="FlightBookingScenario_001" time="63.231" classname="com.goibibo.flightbooking.mozrakTest.FlightBookingScenario"/>
</testsuite> <!-- com.goibibo.flightbooking.mozrakTest.FlightBookingScenario -->
